Command: ninja all
[1/10] Performing build step for 'bootloader'
[1/1] C:\Windows\System32\cmd.exe /C "cd /D C:\Users\seanm\OneDrive\Documents\GitHub\ChapterRoomLights\build\bootloader\esp-idf\esptool_py && C:\Users\seanm\OneDrive\Documents\GitHub\ESP\ESPIDFTools\Espressif\python_env\idf5.5_py3.11_env\Scripts\python.exe C:/Users/seanm/OneDrive/Documents/GitHub/ESP/ESPIDF/components/partition_table/check_sizes.py --offset 0x8000 bootloader 0x1000 C:/Users/seanm/OneDrive/Documents/GitHub/ChapterRoomLights/build/bootloader/bootloader.bin"
Bootloader binary size 0x6680 bytes. 0x980 bytes (8%) free.
[2/10] No install step for 'bootloader'
[3/10] Completed 'bootloader'
[4/10] Building C object esp-idf/main/CMakeFiles/__idf_main.dir/LightControl.c.obj
C:/Users/seanm/OneDrive/Documents/GitHub/ChapterRoomLights/main/LightControl.c: In function 'acrossAll':
C:/Users/seanm/OneDrive/Documents/GitHub/ChapterRoomLights/main/LightControl.c:45:14: warning: unused variable 'delay' [-Wunused-variable]
   45 |     uint32_t delay = (uint32_t)((1/((double)bpm)*60)/310*1000);
      |              ^~~~~
[5/10] Linking C static library esp-idf\main\libmain.a
[6/10] Generating esp-idf/esp_system/ld/sections.ld
[7/10] Building C object CMakeFiles/CHAPTERROOMLIGHTS.elf.dir/project_elf_src_esp32.c.obj
[8/10] Linking CXX executable CHAPTERROOMLIGHTS.elf
FAILED: CHAPTERROOMLIGHTS.elf 
C:\Windows\System32\cmd.exe /C "cd . && C:\Users\seanm\OneDrive\Documents\GitHub\ESP\ESPIDFTools\Espressif\tools\xtensa-esp-elf\esp-14.2.0_20241119\xtensa-esp-elf\bin\xtensa-esp32-elf-g++.exe -mlongcalls -Wno-frame-address  -fno-builtin-memcpy -fno-builtin-memset -fno-builtin-bzero -fno-builtin-stpcpy -fno-builtin-strncpy -nostartfiles    -Wl,--cref -Wl,--defsym=IDF_TARGET_ESP32=0 -Wl,--Map=C:/Users/seanm/OneDrive/Documents/GitHub/ChapterRoomLights/build/CHAPTERROOMLIGHTS.map -Wl,--no-warn-rwx-segments -Wl,--orphan-handling=warn -fno-rtti -fno-lto -Wl,--gc-sections -Wl,--warn-common -T esp32.peripherals.ld -T esp32.rom.ld -T esp32.rom.api.ld -T esp32.rom.libgcc.ld -T esp32.rom.newlib-data.ld -T esp32.rom.syscalls.ld -T esp32.rom.libc-funcs.ld -T esp32.rom.newlib-reent-funcs.ld -T memory.ld -T sections.ld @CMakeFiles\CHAPTERROOMLIGHTS.elf.rsp -o CHAPTERROOMLIGHTS.elf && cd ."
C:/Users/seanm/OneDrive/Documents/GitHub/ESP/ESPIDFTools/Espressif/tools/xtensa-esp-elf/esp-14.2.0_20241119/xtensa-esp-elf/bin/../lib/gcc/xtensa-esp-elf/14.2.0/../../../../xtensa-esp-elf/bin/ld.exe: esp-idf/freertos/libfreertos.a(app_startup.c.obj):(.literal.main_task+0x24): undefined reference to `app_main'
C:/Users/seanm/OneDrive/Documents/GitHub/ESP/ESPIDFTools/Espressif/tools/xtensa-esp-elf/esp-14.2.0_20241119/xtensa-esp-elf/bin/../lib/gcc/xtensa-esp-elf/14.2.0/../../../../xtensa-esp-elf/bin/ld.exe: esp-idf/freertos/libfreertos.a(app_startup.c.obj): in function `main_task':
C:/Users/seanm/OneDrive/Documents/GitHub/ESP/ESPIDF/components/freertos/app_startup.c:206:(.text.main_task+0x96): undefined reference to `app_main'
collect2.exe: error: ld returned 1 exit status
ninja: build stopped: subcommand failed.
