Command: ninja all
[1/9] Performing build step for 'bootloader'
[1/1] C:\Windows\System32\cmd.exe /C "cd /D C:\Users\seanm\OneDrive\Documents\GitHub\ChapterRoomLights\build\bootloader\esp-idf\esptool_py && C:\Users\seanm\OneDrive\Documents\GitHub\ESP\ESPIDFTools\Espressif\python_env\idf5.5_py3.11_env\Scripts\python.exe C:/Users/seanm/OneDrive/Documents/GitHub/ESP/ESPIDF/components/partition_table/check_sizes.py --offset 0x8000 bootloader 0x1000 C:/Users/seanm/OneDrive/Documents/GitHub/ChapterRoomLights/build/bootloader/bootloader.bin"
Bootloader binary size 0x6680 bytes. 0x980 bytes (8%) free.
[2/9] No install step for 'bootloader'
[3/9] Completed 'bootloader'
[4/9] Building C object esp-idf/main/CMakeFiles/__idf_main.dir/main.c.obj
In file included from C:/Users/seanm/OneDrive/Documents/GitHub/ChapterRoomLights/main/LightControl.h:3,
                 from C:/Users/seanm/OneDrive/Documents/GitHub/ChapterRoomLights/main/main.c:13:
C:/Users/seanm/OneDrive/Documents/GitHub/ESP/ESPIDF/components/driver/deprecated/driver/rmt.h:18:2: warning: #warning "The legacy RMT driver is deprecated, please use driver/rmt_tx.h and/or driver/rmt_rx.h" [-Wcpp]
   18 | #warning "The legacy RMT driver is deprecated, please use driver/rmt_tx.h and/or driver/rmt_rx.h"
      |  ^~~~~~~
[5/9] Linking C static library esp-idf\main\libmain.a
[6/9] Generating esp-idf/esp_system/ld/sections.ld
[7/9] Linking CXX executable CHAPTERROOMLIGHTS.elf
FAILED: CHAPTERROOMLIGHTS.elf 
C:\Windows\System32\cmd.exe /C "cd . && C:\Users\seanm\OneDrive\Documents\GitHub\ESP\ESPIDFTools\Espressif\tools\xtensa-esp-elf\esp-14.2.0_20241119\xtensa-esp-elf\bin\xtensa-esp32-elf-g++.exe -mlongcalls -Wno-frame-address  -fno-builtin-memcpy -fno-builtin-memset -fno-builtin-bzero -fno-builtin-stpcpy -fno-builtin-strncpy -nostartfiles    -Wl,--cref -Wl,--defsym=IDF_TARGET_ESP32=0 -Wl,--Map=C:/Users/seanm/OneDrive/Documents/GitHub/ChapterRoomLights/build/CHAPTERROOMLIGHTS.map -Wl,--no-warn-rwx-segments -Wl,--orphan-handling=warn -fno-rtti -fno-lto -Wl,--gc-sections -Wl,--warn-common -T esp32.peripherals.ld -T esp32.rom.ld -T esp32.rom.api.ld -T esp32.rom.libgcc.ld -T esp32.rom.newlib-data.ld -T esp32.rom.syscalls.ld -T esp32.rom.libc-funcs.ld -T esp32.rom.newlib-reent-funcs.ld -T memory.ld -T sections.ld @CMakeFiles\CHAPTERROOMLIGHTS.elf.rsp -o CHAPTERROOMLIGHTS.elf && cd ."
C:/Users/seanm/OneDrive/Documents/GitHub/ESP/ESPIDFTools/Espressif/tools/xtensa-esp-elf/esp-14.2.0_20241119/xtensa-esp-elf/bin/../lib/gcc/xtensa-esp-elf/14.2.0/../../../../xtensa-esp-elf/bin/ld.exe: esp-idf/main/libmain.a(LightControl.c.obj):C:/Users/seanm/OneDrive/Documents/GitHub/ChapterRoomLights/main/LightControl.h:11: multiple definition of `strips'; esp-idf/main/libmain.a(main.c.obj):C:/Users/seanm/OneDrive/Documents/GitHub/ChapterRoomLights/main/LightControl.h:11: first defined here
collect2.exe: error: ld returned 1 exit status
ninja: build stopped: subcommand failed.
